<?xml version="1.0" encoding="UTF-8"?>
<!-- Generated by org.testng.reporters.JUnitReportReporter -->
<testsuite skipped="0" hostname="LAPTOP-IUJNIELA" name="Sample.TS_01" tests="2" failures="0" timestamp="2023-03-31T13:22:38 IST" time="0.006" errors="0">
  <testcase name="test1" time="0.005" classname="Sample.TS_01"/>
  <system-out/>
  <testcase name="test2" time="0.001" classname="Sample.TS_01"/>
  <system-out/>
</testsuite> <!-- Sample.TS_01 -->
