<?xml version="1.0" encoding="UTF-8"?>
<!-- Generated by org.testng.reporters.JUnitReportReporter -->
<testsuite skipped="0" hostname="LAPTOP-IUJNIELA" name="Sample.TS_02" tests="1" failures="0" timestamp="2023-03-31T16:34:23 IST" time="0.016" errors="0">
  <testcase name="test3" time="0.016" classname="Sample.TS_02"/>
  <system-out/>
</testsuite> <!-- Sample.TS_02 -->
